<?xml version="1.0" encoding="utf-8"?><testsuites name="pytest tests"><testsuite name="pytest" errors="0" failures="0" skipped="0" tests="33" time="29.554" timestamp="2026-03-03T12:22:21.996604+00:00" hostname="agent-env-72b5cb47-2a23-46dd-b84c-a09596273ae5"><testcase classname="backend.tests.test_community.TestCommunityProfiles" name="test_create_profile_success" time="0.613" /><testcase classname="backend.tests.test_community.TestCommunityProfiles" name="test_create_profile_without_user" time="0.296" /><testcase classname="backend.tests.test_community.TestCommunityProfiles" name="test_create_duplicate_profile" time="0.426" /><testcase classname="backend.tests.test_community.TestCommunityProfiles" name="test_get_profile" time="0.375" /><testcase classname="backend.tests.test_community.TestCommunityProfiles" name="test_get_private_profile_limited_info" time="0.357" /><testcase classname="backend.tests.test_community.TestCommunityProfiles" name="test_update_profile_visibility" time="0.374" /><testcase classname="backend.tests.test_community.TestFollowSystem" name="test_follow_user" time="0.516" /><testcase classname="backend.tests.test_community.TestFollowSystem" name="test_cannot_follow_self" time="0.468" /><testcase classname="backend.tests.test_community.TestFollowSystem" name="test_cannot_follow_twice" time="0.565" /><testcase classname="backend.tests.test_community.TestFollowSystem" name="test_unfollow_user" time="0.554" /><testcase classname="backend.tests.test_community.TestFollowSystem" name="test_get_followers" time="0.491" /><testcase classname="backend.tests.test_community.TestFollowSystem" name="test_get_following" time="0.591" /><testcase classname="backend.tests.test_community.TestGroups" name="test_create_group" time="0.401" /><testcase classname="backend.tests.test_community.TestGroups" name="test_create_group_requires_profile" time="0.492" /><testcase classname="backend.tests.test_community.TestGroups" name="test_list_groups" time="0.497" /><testcase classname="backend.tests.test_community.TestGroups" name="test_join_group" time="0.537" /><testcase classname="backend.tests.test_community.TestGroups" name="test_cannot_join_twice" time="0.617" /><testcase classname="backend.tests.test_community.TestGroups" name="test_get_group_details" time="0.498" /><testcase classname="backend.tests.test_community.TestGroups" name="test_get_group_members" time="0.613" /><testcase classname="backend.tests.test_community.TestChallenges" name="test_create_challenge" time="1.783" /><testcase classname="backend.tests.test_community.TestChallenges" name="test_create_challenge_requires_membership" time="7.042" /><testcase classname="backend.tests.test_community.TestChallenges" name="test_vote_on_challenge" time="1.772" /><testcase classname="backend.tests.test_community.TestChallenges" name="test_cannot_vote_twice" time="1.769" /><testcase classname="backend.tests.test_community.TestChallenges" name="test_challenge_activates_with_enough_votes" time="2.110" /><testcase classname="backend.tests.test_community.TestChallenges" name="test_get_group_challenges" time="3.758" /><testcase classname="backend.tests.test_community.TestLeaderboard" name="test_get_leaderboard_by_tasks" time="0.067" /><testcase classname="backend.tests.test_community.TestLeaderboard" name="test_get_leaderboard_by_streak" time="0.073" /><testcase classname="backend.tests.test_community.TestLeaderboard" name="test_get_leaderboard_by_trust" time="0.091" /><testcase classname="backend.tests.test_community.TestLeaderboard" name="test_leaderboard_only_shows_public_profiles" time="0.076" /><testcase classname="backend.tests.test_community.TestActivityFeed" name="test_get_activity_feed" time="0.276" /><testcase classname="backend.tests.test_community.TestActivityFeed" name="test_get_activity_feed_for_user" time="0.274" /><testcase classname="backend.tests.test_community.TestActivityFeed" name="test_post_activity" time="0.276" /><testcase classname="backend.tests.test_community.TestFullCommunityFlow" name="test_full_community_workflow" time="0.753" /></testsuite></testsuites>