<?xml version="1.0" encoding="utf-8"?><testsuites name="pytest tests"><testsuite name="pytest" errors="0" failures="0" skipped="0" tests="19" time="27.983" timestamp="2026-03-03T00:39:32.831058+00:00" hostname="agent-env-72b5cb47-2a23-46dd-b84c-a09596273ae5"><testcase classname="tests.test_api.TestHealthCheck" name="test_api_health" time="0.545" /><testcase classname="tests.test_api.TestUserAPI" name="test_create_user_and_verify_uuid" time="0.816" /><testcase classname="tests.test_api.TestUserAPI" name="test_update_user_preferences" time="1.359" /><testcase classname="tests.test_api.TestUserAPI" name="test_complete_onboarding" time="0.835" /><testcase classname="tests.test_api.TestTaskAPI" name="test_generate_tasks_from_library" time="1.243" /><testcase classname="tests.test_api.TestTaskAPI" name="test_context_question" time="1.229" /><testcase classname="tests.test_api.TestTaskAPI" name="test_get_user_tasks" time="1.692" /><testcase classname="tests.test_api.TestAntiCheatSystem" name="test_start_task_for_time_tracking" time="1.644" /><testcase classname="tests.test_api.TestAntiCheatSystem" name="test_complete_task_with_validation" time="4.045" /><testcase classname="tests.test_api.TestAntiCheatSystem" name="test_complete_without_start_is_suspicious" time="2.890" /><testcase classname="tests.test_api.TestTrustScoreAPI" name="test_get_trust_score" time="0.815" /><testcase classname="tests.test_api.TestCharacterSystem" name="test_create_character" time="0.841" /><testcase classname="tests.test_api.TestCharacterSystem" name="test_get_character_with_stats" time="1.232" /><testcase classname="tests.test_api.TestCharacterSystem" name="test_update_avatar" time="1.648" /><testcase classname="tests.test_api.TestCharacterSystem" name="test_duplicate_character_fails" time="3.315" /><testcase classname="tests.test_api.TestCharacterSystem" name="test_character_not_found" time="0.824" /><testcase classname="tests.test_api.TestWalletAPI" name="test_get_wallet" time="0.859" /><testcase classname="tests.test_api.TestMarketplace" name="test_get_marketplace_items" time="0.408" /><testcase classname="tests.test_api.TestTaskSkip" name="test_skip_task" time="1.688" /></testsuite></testsuites>