<?xml version="1.0" encoding="utf-8"?><testsuites name="pytest tests"><testsuite name="pytest" errors="0" failures="0" skipped="4" tests="33" time="57.237" timestamp="2026-03-03T11:57:11.525321+00:00" hostname="agent-env-72b5cb47-2a23-46dd-b84c-a09596273ae5"><testcase classname="backend.tests.test_api.TestHealthCheck" name="test_api_health" time="0.281" /><testcase classname="backend.tests.test_api.TestUserAPI" name="test_create_user_and_verify_uuid" time="0.419" /><testcase classname="backend.tests.test_api.TestUserAPI" name="test_update_user_preferences" time="0.310" /><testcase classname="backend.tests.test_api.TestUserAPI" name="test_complete_onboarding" time="0.169" /><testcase classname="backend.tests.test_api.TestTaskAPI" name="test_generate_tasks_from_library" time="0.241" /><testcase classname="backend.tests.test_api.TestTaskAPI" name="test_context_question" time="0.286" /><testcase classname="backend.tests.test_api.TestTaskAPI" name="test_get_user_tasks" time="0.387" /><testcase classname="backend.tests.test_api.TestAntiCheatSystem" name="test_start_task_for_time_tracking" time="0.415" /><testcase classname="backend.tests.test_api.TestAntiCheatSystem" name="test_complete_task_with_validation" time="2.485" /><testcase classname="backend.tests.test_api.TestAntiCheatSystem" name="test_complete_without_start_is_suspicious" time="0.689" /><testcase classname="backend.tests.test_api.TestTrustScoreAPI" name="test_get_trust_score" time="0.221" /><testcase classname="backend.tests.test_api.TestCharacterSystem" name="test_create_character" time="0.182" /><testcase classname="backend.tests.test_api.TestCharacterSystem" name="test_get_character_with_stats" time="0.249" /><testcase classname="backend.tests.test_api.TestCharacterSystem" name="test_update_avatar" time="0.389" /><testcase classname="backend.tests.test_api.TestCharacterSystem" name="test_duplicate_character_fails" time="0.274" /><testcase classname="backend.tests.test_api.TestCharacterSystem" name="test_character_not_found" time="0.174" /><testcase classname="backend.tests.test_api.TestWalletAPI" name="test_get_wallet" time="0.172" /><testcase classname="backend.tests.test_api.TestMarketplace" name="test_get_marketplace_items" time="0.075" /><testcase classname="backend.tests.test_api.TestTaskSkip" name="test_skip_task" time="0.357" /><testcase classname="backend.tests.test_character_store.TestCharacterStore" name="test_get_character_store_all_items" time="0.103" /><testcase classname="backend.tests.test_character_store.TestCharacterStore" name="test_get_character_store_by_category" time="0.104" /><testcase classname="backend.tests.test_character_store.TestCharacterStore" name="test_get_character_store_by_rarity" time="0.089" /><testcase classname="backend.tests.test_character_store.TestCharacterStore" name="test_character_store_rarity_distribution" time="0.135" /><testcase classname="backend.tests.test_character_store.TestInventory" name="test_get_empty_inventory" time="0.296" /><testcase classname="backend.tests.test_character_store.TestInventory" name="test_inventory_structure" time="0.358" /><testcase classname="backend.tests.test_character_store.TestPurchase" name="test_purchase_common_item_success" time="3.542"><skipped type="pytest.skip" message="Insufficient balance (18) for cheapest item (30)">/app/backend/tests/test_character_store.py:208: Insufficient balance (18) for cheapest item (30)</skipped></testcase><testcase classname="backend.tests.test_character_store.TestPurchase" name="test_purchase_insufficient_balance" time="3.875" /><testcase classname="backend.tests.test_character_store.TestPurchase" name="test_purchase_already_owned_item" time="4.097" /><testcase classname="backend.tests.test_character_store.TestEquipUnequip" name="test_equip_item_success" time="9.857"><skipped type="pytest.skip" message="No purchased item available">/app/backend/tests/test_character_store.py:356: No purchased item available</skipped></testcase><testcase classname="backend.tests.test_character_store.TestEquipUnequip" name="test_equip_item_not_in_inventory" time="6.903" /><testcase classname="backend.tests.test_character_store.TestEquipUnequip" name="test_unequip_item_success" time="6.769"><skipped type="pytest.skip" message="No purchased item available">/app/backend/tests/test_character_store.py:397: No purchased item available</skipped></testcase><testcase classname="backend.tests.test_character_store.TestEquipUnequip" name="test_equip_replaces_previous_item" time="9.690"><skipped type="pytest.skip" message="No purchased item available">/app/backend/tests/test_character_store.py:431: No purchased item available</skipped></testcase><testcase classname="backend.tests.test_character_store.TestFullPurchaseEquipFlow" name="test_full_flow" time="3.544" /></testsuite></testsuites>